<?xml version="1.0" encoding="UTF-8"?>
<!-- Generated by org.testng.reporters.JUnitXMLReporter -->
<testsuite ignored="0" hostname="INLEN8520087177" failures="1" tests="2" name="Test" time="61.139" errors="0" timestamp="09 Jan 2023 12:52:07 GMT">
  <testcase classname="com.app.test.AddElements" name="verifyAddtoCart" time="11.436">
    <failure type="org.openqa.selenium.ElementClickInterceptedException" message="element click intercepted: Element &amp;lt;img draggable=&amp;quot;false&amp;quot; src=&amp;quot;https://assets.myntassets.com/dpr_2,q_60,w_210,c_limit,fl_progressive/assets/images/11723604/2022/9/21/82d83ffb-dff9-44f3-a6a8-c3adaabed98f1663741077349-AMERICAN-TOURISTER-Unisex-Trolley-Bag-4431663741076848-2.jpg&amp;quot; class=&amp;quot;img-responsive&amp;quot; alt=&amp;quot;AMERICAN TOURISTER Blue &amp;amp;amp; Black Kansas Spinnerinner 57 Cabin Trolley Suitcase&amp;quot; title=&amp;quot;AMERICAN TOURISTER Blue &amp;amp;amp; Black Kansas Spinnerinner 57 Cabin Trolley Suitcase&amp;quot; style=&amp;quot;width: 100%; display: block;&amp;quot;&amp;gt; is not clickable at point (175, 383). Other element would receive the click: &amp;lt;span class=&amp;quot;vertical-filters-header&amp;quot;&amp;gt;...&amp;lt;/span&amp;gt;
  (Session info: chrome=108.0.5359.125)
Build info: version: &amp;apos;4.6.0&amp;apos;, revision: &amp;apos;79f1c02ae20&amp;apos;
System info: os.name: &amp;apos;Windows 11&amp;apos;, os.arch: &amp;apos;amd64&amp;apos;, os.version: &amp;apos;10.0&amp;apos;, java.version: &amp;apos;17.0.5&amp;apos;
Driver info: org.openqa.selenium.chrome.ChromeDriver
Command: [fe786eb579186ad476e3dc0c52314dd6, clickElement {id=f59773a6-3e2b-4099-a0c2-2fc57933fd11}]
Capabilities {acceptInsecureCerts: false, browserName: chrome, browserVersion: 108.0.5359.125, chrome: {chromedriverVersion: 108.0.5359.71 (1e0e3868ee06..., userDataDir: C:\Users\mamarkan\AppData\L...}, goog:chromeOptions: {debuggerAddress: localhost:49174}, networkConnectionEnabled: false, pageLoadStrategy: normal, platformName: WINDOWS, proxy: Proxy(), se:cdp: ws://localhost:49174/devtoo..., se:cdpVersion: 108.0.5359.125, setWindowRect: true, strictFileInteractability: false, timeouts: {implicit: 0, pageLoad: 300000, script: 30000}, unhandledPromptBehavior: dismiss and notify, webauthn:extension:credBlob: true, webauthn:extension:largeBlob: true, webauthn:virtualAuthenticators: true}
Element: [[ChromeDriver: chrome on WINDOWS (fe786eb579186ad476e3dc0c52314dd6)] -&amp;gt; xpath: //img[@title=&amp;apos;AMERICAN TOURISTER Blue &amp;amp; Black Kansas Spinnerinner 57 Cabin Trolley Suitcase&amp;apos;]]
Session ID: fe786eb579186ad476e3dc0c52314dd6">
      <![CDATA[org.openqa.selenium.ElementClickInterceptedException: element click intercepted: Element <img draggable="false" src="https://assets.myntassets.com/dpr_2,q_60,w_210,c_limit,fl_progressive/assets/images/11723604/2022/9/21/82d83ffb-dff9-44f3-a6a8-c3adaabed98f1663741077349-AMERICAN-TOURISTER-Unisex-Trolley-Bag-4431663741076848-2.jpg" class="img-responsive" alt="AMERICAN TOURISTER Blue &amp; Black Kansas Spinnerinner 57 Cabin Trolley Suitcase" title="AMERICAN TOURISTER Blue &amp; Black Kansas Spinnerinner 57 Cabin Trolley Suitcase" style="width: 100%; display: block;"> is not clickable at point (175, 383). Other element would receive the click: <span class="vertical-filters-header">...</span>
  (Session info: chrome=108.0.5359.125)
Build info: version: '4.6.0', revision: '79f1c02ae20'
System info: os.name: 'Windows 11', os.arch: 'amd64', os.version: '10.0', java.version: '17.0.5'
Driver info: org.openqa.selenium.chrome.ChromeDriver
Command: [fe786eb579186ad476e3dc0c52314dd6, clickElement {id=f59773a6-3e2b-4099-a0c2-2fc57933fd11}]
Capabilities {acceptInsecureCerts: false, browserName: chrome, browserVersion: 108.0.5359.125, chrome: {chromedriverVersion: 108.0.5359.71 (1e0e3868ee06..., userDataDir: C:\Users\mamarkan\AppData\L...}, goog:chromeOptions: {debuggerAddress: localhost:49174}, networkConnectionEnabled: false, pageLoadStrategy: normal, platformName: WINDOWS, proxy: Proxy(), se:cdp: ws://localhost:49174/devtoo..., se:cdpVersion: 108.0.5359.125, setWindowRect: true, strictFileInteractability: false, timeouts: {implicit: 0, pageLoad: 300000, script: 30000}, unhandledPromptBehavior: dismiss and notify, webauthn:extension:credBlob: true, webauthn:extension:largeBlob: true, webauthn:virtualAuthenticators: true}
Element: [[ChromeDriver: chrome on WINDOWS (fe786eb579186ad476e3dc0c52314dd6)] -> xpath: //img[@title='AMERICAN TOURISTER Blue & Black Kansas Spinnerinner 57 Cabin Trolley Suitcase']]
Session ID: fe786eb579186ad476e3dc0c52314dd6
	at org.openqa.selenium.remote.codec.w3c.W3CHttpResponseCodec.createException(W3CHttpResponseCodec.java:200)
	at org.openqa.selenium.remote.codec.w3c.W3CHttpResponseCodec.decode(W3CHttpResponseCodec.java:133)
	at org.openqa.selenium.remote.codec.w3c.W3CHttpResponseCodec.decode(W3CHttpResponseCodec.java:53)
	at org.openqa.selenium.remote.HttpCommandExecutor.execute(HttpCommandExecutor.java:184)
	at org.openqa.selenium.remote.service.DriverCommandExecutor.invokeExecute(DriverCommandExecutor.java:167)
	at org.openqa.selenium.remote.service.DriverCommandExecutor.execute(DriverCommandExecutor.java:142)
	at org.openqa.selenium.remote.RemoteWebDriver.execute(RemoteWebDriver.java:541)
	at org.openqa.selenium.remote.RemoteWebElement.execute(RemoteWebElement.java:257)
	at org.openqa.selenium.remote.RemoteWebElement.click(RemoteWebElement.java:78)
	at com.app.pages.ProductPage.addTheProduct(ProductPage.java:21)
	at com.app.pages.AddElementsPage.checkForBag(AddElementsPage.java:42)
	at com.app.test.AddElements.verifyAddtoCart(AddElements.java:47)
... Removed 30 stack frames]]>
    </failure>
  </testcase> <!-- verifyAddtoCart -->
  <testcase classname="com.app.test.VerifyLogin" name="verifyLogin" time="39.363"/>
</testsuite> <!-- Test -->
